<?xml version="1.0" encoding="UTF-8"?>
<coverage generated="1736490990935" clover="3.2.0">
  <project timestamp="1736490990935" name="All files">
    <metrics statements="115" coveredstatements="99" conditionals="24" coveredconditionals="18" methods="50" coveredmethods="39" elements="189" coveredelements="156" complexity="0" loc="115" ncloc="115" packages="2" files="17" classes="17"/>
    <package name="components">
      <metrics statements="87" coveredstatements="75" conditionals="24" coveredconditionals="18" methods="40" coveredmethods="32"/>
      <file name="Body.js" path="D:\Brototype\Week 18\Namaste React\src\components\Body.js">
        <metrics statements="27" coveredstatements="23" conditionals="4" coveredconditionals="3" methods="12" coveredmethods="9"/>
        <line num="7" count="1" type="stmt"/>
        <line num="8" count="5" type="stmt"/>
        <line num="9" count="4" type="stmt"/>
        <line num="11" count="4" type="stmt"/>
        <line num="13" count="4" type="stmt"/>
        <line num="15" count="4" type="stmt"/>
        <line num="16" count="1" type="stmt"/>
        <line num="19" count="4" type="stmt"/>
        <line num="20" count="1" type="stmt"/>
        <line num="24" count="1" type="stmt"/>
        <line num="26" count="1" type="stmt"/>
        <line num="27" count="10" type="stmt"/>
        <line num="29" count="1" type="stmt"/>
        <line num="30" count="10" type="stmt"/>
        <line num="34" count="4" type="stmt"/>
        <line num="36" count="4" type="cond" truecount="1" falsecount="1"/>
        <line num="38" count="4" type="stmt"/>
        <line num="40" count="4" type="stmt"/>
        <line num="50" count="1" type="stmt"/>
        <line num="56" count="1" type="stmt"/>
        <line num="57" count="10" type="stmt"/>
        <line num="59" count="1" type="stmt"/>
        <line num="69" count="0" type="stmt"/>
        <line num="70" count="0" type="stmt"/>
        <line num="72" count="0" type="stmt"/>
        <line num="79" count="0" type="stmt"/>
        <line num="85" count="21" type="stmt"/>
      </file>
      <file name="Cart.js" path="D:\Brototype\Week 18\Namaste React\src\components\Cart.js">
        <metrics statements="11" coveredstatements="8" conditionals="4" coveredconditionals="3" methods="6" coveredmethods="4"/>
        <line num="4" count="1" type="stmt"/>
        <line num="5" count="6" type="stmt"/>
        <line num="7" count="3" type="stmt"/>
        <line num="9" count="3" type="stmt"/>
        <line num="10" count="0" type="stmt"/>
        <line num="11" count="0" type="stmt"/>
        <line num="14" count="3" type="stmt"/>
        <line num="15" count="1" type="stmt"/>
        <line num="18" count="3" type="cond" truecount="2" falsecount="0"/>
        <line num="22" count="2" type="stmt"/>
        <line num="41" count="0" type="stmt"/>
      </file>
      <file name="Contact.js" path="D:\Brototype\Week 18\Namaste React\src\components\Contact.js">
        <metrics statements="2" coveredstatements="2" conditionals="0" coveredconditionals="0" methods="1" coveredmethods="1"/>
        <line num="3" count="1" type="stmt"/>
        <line num="4" count="4" type="stmt"/>
      </file>
      <file name="Counter.js" path="D:\Brototype\Week 18\Namaste React\src\components\Counter.js">
        <metrics statements="6" coveredstatements="1" conditionals="0" coveredconditionals="0" methods="3" coveredmethods="0"/>
        <line num="3" count="1" type="stmt"/>
        <line num="4" count="0" type="stmt"/>
        <line num="5" count="0" type="stmt"/>
        <line num="7" count="0" type="stmt"/>
        <line num="10" count="0" type="stmt"/>
        <line num="11" count="0" type="stmt"/>
      </file>
      <file name="Header.js" path="D:\Brototype\Week 18\Namaste React\src\components\Header.js">
        <metrics statements="8" coveredstatements="8" conditionals="4" coveredconditionals="2" methods="3" coveredmethods="3"/>
        <line num="8" count="2" type="stmt"/>
        <line num="10" count="9" type="stmt"/>
        <line num="12" count="9" type="stmt"/>
        <line num="14" count="9" type="stmt"/>
        <line num="16" count="17" type="stmt"/>
        <line num="17" count="9" type="stmt"/>
        <line num="20" count="9" type="stmt"/>
        <line num="34" count="1" type="cond" truecount="1" falsecount="1"/>
      </file>
      <file name="ItemList.js" path="D:\Brototype\Week 18\Namaste React\src\components\ItemList.js">
        <metrics statements="7" coveredstatements="7" conditionals="2" coveredconditionals="1" methods="4" coveredmethods="4"/>
        <line num="5" count="1" type="stmt"/>
        <line num="8" count="4" type="stmt"/>
        <line num="10" count="4" type="stmt"/>
        <line num="11" count="1" type="stmt"/>
        <line num="15" count="4" type="stmt"/>
        <line num="18" count="24" type="stmt"/>
        <line num="37" count="1" type="stmt"/>
      </file>
      <file name="RestaurantCard.js" path="D:\Brototype\Week 18\Namaste React\src\components\RestaurantCard.js">
        <metrics statements="6" coveredstatements="6" conditionals="0" coveredconditionals="0" methods="3" coveredmethods="3"/>
        <line num="3" count="2" type="stmt"/>
        <line num="5" count="23" type="stmt"/>
        <line num="6" count="23" type="stmt"/>
        <line num="16" count="2" type="stmt"/>
        <line num="17" count="5" type="stmt"/>
        <line num="18" count="12" type="stmt"/>
      </file>
      <file name="RestaurantCategory.js" path="D:\Brototype\Week 18\Namaste React\src\components\RestaurantCategory.js">
        <metrics statements="4" coveredstatements="4" conditionals="4" coveredconditionals="4" methods="2" coveredmethods="2"/>
        <line num="4" count="1" type="stmt"/>
        <line num="9" count="105" type="stmt"/>
        <line num="11" count="1" type="stmt"/>
        <line num="19" count="105" type="stmt"/>
      </file>
      <file name="RestaurantMenu.js" path="D:\Brototype\Week 18\Namaste React\src\components\RestaurantMenu.js">
        <metrics statements="12" coveredstatements="12" conditionals="6" coveredconditionals="5" methods="4" coveredmethods="4"/>
        <line num="7" count="1" type="stmt"/>
        <line num="8" count="9" type="stmt"/>
        <line num="10" count="9" type="stmt"/>
        <line num="12" count="9" type="stmt"/>
        <line num="14" count="9" type="cond" truecount="2" falsecount="0"/>
        <line num="17" count="5" type="stmt"/>
        <line num="20" count="5" type="stmt"/>
        <line num="23" count="5" type="stmt"/>
        <line num="25" count="125" type="stmt"/>
        <line num="31" count="5" type="stmt"/>
        <line num="39" count="105" type="stmt"/>
        <line num="43" count="1" type="cond" truecount="1" falsecount="1"/>
      </file>
      <file name="Shimmer.js" path="D:\Brototype\Week 18\Namaste React\src\components\Shimmer.js">
        <metrics statements="2" coveredstatements="2" conditionals="0" coveredconditionals="0" methods="1" coveredmethods="1"/>
        <line num="1" count="1" type="stmt"/>
        <line num="2" count="4" type="stmt"/>
      </file>
      <file name="Sum.js" path="D:\Brototype\Week 18\Namaste React\src\components\Sum.js">
        <metrics statements="2" coveredstatements="2" conditionals="0" coveredconditionals="0" methods="1" coveredmethods="1"/>
        <line num="1" count="1" type="stmt"/>
        <line num="2" count="1" type="stmt"/>
      </file>
    </package>
    <package name="utils">
      <metrics statements="28" coveredstatements="24" conditionals="0" coveredconditionals="0" methods="10" coveredmethods="7"/>
      <file name="UserContext.js" path="D:\Brototype\Week 18\Namaste React\src\utils\UserContext.js">
        <metrics statements="1" coveredstatements="1" conditionals="0" coveredconditionals="0" methods="0" coveredmethods="0"/>
        <line num="3" count="3" type="stmt"/>
      </file>
      <file name="appStore.js" path="D:\Brototype\Week 18\Namaste React\src\utils\appStore.js">
        <metrics statements="1" coveredstatements="1" conditionals="0" coveredconditionals="0" methods="0" coveredmethods="0"/>
        <line num="4" count="2" type="stmt"/>
      </file>
      <file name="cartSlice.js" path="D:\Brototype\Week 18\Namaste React\src\utils\cartSlice.js">
        <metrics statements="6" coveredstatements="4" conditionals="0" coveredconditionals="0" methods="3" coveredmethods="2"/>
        <line num="3" count="2" type="stmt"/>
        <line num="12" count="1" type="stmt"/>
        <line num="15" count="0" type="stmt"/>
        <line num="16" count="0" type="stmt"/>
        <line num="20" count="1" type="stmt"/>
        <line num="25" count="2" type="stmt"/>
      </file>
      <file name="constants.js" path="D:\Brototype\Week 18\Namaste React\src\utils\constants.js">
        <metrics statements="3" coveredstatements="3" conditionals="0" coveredconditionals="0" methods="0" coveredmethods="0"/>
        <line num="1" count="4" type="stmt"/>
        <line num="3" count="4" type="stmt"/>
        <line num="5" count="4" type="stmt"/>
      </file>
      <file name="useOnlineStatus.js" path="D:\Brototype\Week 18\Namaste React\src\utils\useOnlineStatus.js">
        <metrics statements="8" coveredstatements="6" conditionals="0" coveredconditionals="0" methods="4" coveredmethods="2"/>
        <line num="3" count="3" type="stmt"/>
        <line num="5" count="13" type="stmt"/>
        <line num="7" count="13" type="stmt"/>
        <line num="8" count="7" type="stmt"/>
        <line num="9" count="0" type="stmt"/>
        <line num="11" count="7" type="stmt"/>
        <line num="12" count="0" type="stmt"/>
        <line num="16" count="13" type="stmt"/>
      </file>
      <file name="useRestaurantMenu.js" path="D:\Brototype\Week 18\Namaste React\src\utils\useRestaurantMenu.js">
        <metrics statements="9" coveredstatements="9" conditionals="0" coveredconditionals="0" methods="3" coveredmethods="3"/>
        <line num="4" count="1" type="stmt"/>
        <line num="6" count="9" type="stmt"/>
        <line num="8" count="9" type="stmt"/>
        <line num="9" count="4" type="stmt"/>
        <line num="12" count="9" type="stmt"/>
        <line num="13" count="4" type="stmt"/>
        <line num="14" count="4" type="stmt"/>
        <line num="16" count="4" type="stmt"/>
        <line num="18" count="9" type="stmt"/>
      </file>
    </package>
  </project>
</coverage>
