{"D:\\Brototype\\Week 18\\Namaste React\\src\\components\\Contact.js": {"path":"D:\\Brototype\\Week 18\\Namaste React\\src\\components\\Contact.js","statementMap":{"0":{"start":{"line":3,"column":16},"end":{"line":16,"column":1}},"1":{"start":{"line":4,"column":4},"end":{"line":15,"column":5}}},"fnMap":{"0":{"name":"(anonymous_0)","decl":{"start":{"line":3,"column":16},"end":{"line":3,"column":17}},"loc":{"start":{"line":3,"column":21},"end":{"line":16,"column":1}},"line":3}},"branchMap":{},"s":{"0":1,"1":4},"f":{"0":4},"b":{},"_coverageSchema":"1a1c01bbd47fc00a2c39e90264f33305004495a9","hash":"df5fca519913e1f7482f6dff1e9a4f580e97e5e5"}
,"D:\\Brototype\\Week 18\\Namaste React\\src\\components\\Counter.js": {"path":"D:\\Brototype\\Week 18\\Namaste React\\src\\components\\Counter.js","statementMap":{"0":{"start":{"line":3,"column":16},"end":{"line":14,"column":1}},"1":{"start":{"line":4,"column":30},"end":{"line":4,"column":41}},"2":{"start":{"line":5,"column":4},"end":{"line":5,"column":23}},"3":{"start":{"line":7,"column":4},"end":{"line":13,"column":5}},"4":{"start":{"line":10,"column":33},"end":{"line":10,"column":50}},"5":{"start":{"line":11,"column":33},"end":{"line":11,"column":50}}},"fnMap":{"0":{"name":"(anonymous_0)","decl":{"start":{"line":3,"column":16},"end":{"line":3,"column":17}},"loc":{"start":{"line":3,"column":22},"end":{"line":14,"column":1}},"line":3},"1":{"name":"(anonymous_1)","decl":{"start":{"line":10,"column":29},"end":{"line":10,"column":30}},"loc":{"start":{"line":10,"column":33},"end":{"line":10,"column":50}},"line":10},"2":{"name":"(anonymous_2)","decl":{"start":{"line":11,"column":29},"end":{"line":11,"column":30}},"loc":{"start":{"line":11,"column":33},"end":{"line":11,"column":50}},"line":11}},"branchMap":{},"s":{"0":1,"1":0,"2":0,"3":0,"4":0,"5":0},"f":{"0":0,"1":0,"2":0},"b":{},"_coverageSchema":"1a1c01bbd47fc00a2c39e90264f33305004495a9","hash":"886d24f45c12140c975ca830164aae38ea676732"}
,"D:\\Brototype\\Week 18\\Namaste React\\src\\components\\Sum.js": {"path":"D:\\Brototype\\Week 18\\Namaste React\\src\\components\\Sum.js","statementMap":{"0":{"start":{"line":1,"column":18},"end":{"line":3,"column":1}},"1":{"start":{"line":2,"column":4},"end":{"line":2,"column":14}}},"fnMap":{"0":{"name":"(anonymous_0)","decl":{"start":{"line":1,"column":18},"end":{"line":1,"column":19}},"loc":{"start":{"line":1,"column":25},"end":{"line":3,"column":1}},"line":1}},"branchMap":{},"s":{"0":1,"1":1},"f":{"0":1},"b":{},"_coverageSchema":"1a1c01bbd47fc00a2c39e90264f33305004495a9","hash":"d40113ebb9fb8c663461842c86326bf6111128f4"}
}
