TN:
SF:src\components\Body.js
FN:7,(anonymous_0)
FN:15,(anonymous_1)
FN:19,(anonymous_2)
FN:27,(anonymous_3)
FN:30,(anonymous_4)
FN:49,(anonymous_5)
FN:55,(anonymous_6)
FN:56,(anonymous_7)
FN:68,(anonymous_8)
FN:70,(anonymous_9)
FN:79,(anonymous_10)
FN:84,(anonymous_11)
FNF:12
FNH:9
FNDA:5,(anonymous_0)
FNDA:1,(anonymous_1)
FNDA:1,(anonymous_2)
FNDA:10,(anonymous_3)
FNDA:10,(anonymous_4)
FNDA:1,(anonymous_5)
FNDA:1,(anonymous_6)
FNDA:10,(anonymous_7)
FNDA:0,(anonymous_8)
FNDA:0,(anonymous_9)
FNDA:0,(anonymous_10)
FNDA:21,(anonymous_11)
DA:7,1
DA:8,5
DA:9,4
DA:11,4
DA:13,4
DA:15,4
DA:16,1
DA:19,4
DA:20,1
DA:24,1
DA:26,1
DA:27,10
DA:29,1
DA:30,10
DA:34,4
DA:36,4
DA:38,4
DA:40,4
DA:50,1
DA:56,1
DA:57,10
DA:59,1
DA:69,0
DA:70,0
DA:72,0
DA:79,0
DA:85,21
LF:27
LH:23
BRDA:36,0,0,0
BRDA:36,0,1,4
BRDA:87,1,0,11
BRDA:87,1,1,10
BRF:4
BRH:3
end_of_record
TN:
SF:src\components\Cart.js
FN:4,(anonymous_0)
FN:5,(anonymous_1)
FN:9,(anonymous_2)
FN:14,(anonymous_3)
FN:21,(anonymous_4)
FN:41,(anonymous_5)
FNF:6
FNH:4
FNDA:3,(anonymous_0)
FNDA:6,(anonymous_1)
FNDA:0,(anonymous_2)
FNDA:1,(anonymous_3)
FNDA:2,(anonymous_4)
FNDA:0,(anonymous_5)
DA:4,1
DA:5,6
DA:7,3
DA:9,3
DA:10,0
DA:11,0
DA:14,3
DA:15,1
DA:18,3
DA:22,2
DA:41,0
LF:11
LH:8
BRDA:18,0,0,2
BRDA:18,0,1,1
BRDA:32,1,0,2
BRDA:32,1,1,0
BRF:4
BRH:3
end_of_record
TN:
SF:src\components\Contact.js
FN:3,(anonymous_0)
FNF:1
FNH:1
FNDA:4,(anonymous_0)
DA:3,1
DA:4,4
LF:2
LH:2
BRF:0
BRH:0
end_of_record
TN:
SF:src\components\Counter.js
FN:3,(anonymous_0)
FN:10,(anonymous_1)
FN:11,(anonymous_2)
FNF:3
FNH:0
FNDA:0,(anonymous_0)
FNDA:0,(anonymous_1)
FNDA:0,(anonymous_2)
DA:3,1
DA:4,0
DA:5,0
DA:7,0
DA:10,0
DA:11,0
LF:6
LH:1
BRF:0
BRH:0
end_of_record
TN:
SF:src\components\Header.js
FN:8,(anonymous_0)
FN:16,(anonymous_1)
FN:34,(anonymous_2)
FNF:3
FNH:3
FNDA:9,(anonymous_0)
FNDA:17,(anonymous_1)
FNDA:1,(anonymous_2)
DA:8,2
DA:10,9
DA:12,9
DA:14,9
DA:16,17
DA:17,9
DA:20,9
DA:34,1
LF:8
LH:8
BRDA:28,0,0,9
BRDA:28,0,1,0
BRDA:34,1,0,1
BRDA:34,1,1,0
BRF:4
BRH:2
end_of_record
TN:
SF:src\components\ItemList.js
FN:5,(anonymous_0)
FN:10,(anonymous_1)
FN:17,(anonymous_2)
FN:37,(anonymous_3)
FNF:4
FNH:4
FNDA:4,(anonymous_0)
FNDA:1,(anonymous_1)
FNDA:24,(anonymous_2)
FNDA:1,(anonymous_3)
DA:5,1
DA:8,4
DA:10,4
DA:11,1
DA:15,4
DA:18,24
DA:37,1
LF:7
LH:7
BRDA:28,0,0,24
BRDA:28,0,1,0
BRF:2
BRH:1
end_of_record
TN:
SF:src\components\RestaurantCard.js
FN:3,(anonymous_0)
FN:16,(anonymous_1)
FN:17,(anonymous_2)
FNF:3
FNH:3
FNDA:23,(anonymous_0)
FNDA:5,(anonymous_1)
FNDA:12,(anonymous_2)
DA:3,2
DA:5,23
DA:6,23
DA:16,2
DA:17,5
DA:18,12
LF:6
LH:6
BRF:0
BRH:0
end_of_record
TN:
SF:src\components\RestaurantCategory.js
FN:4,(anonymous_0)
FN:9,(anonymous_1)
FNF:2
FNH:2
FNDA:105,(anonymous_0)
FNDA:1,(anonymous_1)
DA:4,1
DA:9,105
DA:11,1
DA:19,105
LF:4
LH:4
BRDA:24,0,0,4
BRDA:24,0,1,101
BRDA:26,1,0,105
BRDA:26,1,1,4
BRF:4
BRH:4
end_of_record
TN:
SF:src\components\RestaurantMenu.js
FN:7,(anonymous_0)
FN:24,(anonymous_1)
FN:37,(anonymous_2)
FN:43,(anonymous_3)
FNF:4
FNH:4
FNDA:9,(anonymous_0)
FNDA:125,(anonymous_1)
FNDA:105,(anonymous_2)
FNDA:1,(anonymous_3)
DA:7,1
DA:8,9
DA:10,9
DA:12,9
DA:14,9
DA:17,5
DA:20,5
DA:23,5
DA:25,125
DA:31,5
DA:39,105
DA:43,1
LF:12
LH:12
BRDA:14,0,0,4
BRDA:14,0,1,5
BRDA:42,1,0,105
BRDA:42,1,1,4
BRDA:43,2,0,1
BRDA:43,2,1,0
BRF:6
BRH:5
end_of_record
TN:
SF:src\components\Shimmer.js
FN:1,(anonymous_0)
FNF:1
FNH:1
FNDA:4,(anonymous_0)
DA:1,1
DA:2,4
LF:2
LH:2
BRF:0
BRH:0
end_of_record
TN:
SF:src\components\Sum.js
FN:1,(anonymous_0)
FNF:1
FNH:1
FNDA:1,(anonymous_0)
DA:1,1
DA:2,1
LF:2
LH:2
BRF:0
BRH:0
end_of_record
TN:
SF:src\utils\UserContext.js
FNF:0
FNH:0
DA:3,3
LF:1
LH:1
BRF:0
BRH:0
end_of_record
TN:
SF:src\utils\appStore.js
FNF:0
FNH:0
DA:4,2
LF:1
LH:1
BRF:0
BRH:0
end_of_record
TN:
SF:src\utils\cartSlice.js
FN:9,(anonymous_0)
FN:14,(anonymous_1)
FN:19,(anonymous_2)
FNF:3
FNH:2
FNDA:1,(anonymous_0)
FNDA:0,(anonymous_1)
FNDA:1,(anonymous_2)
DA:3,2
DA:12,1
DA:15,0
DA:16,0
DA:20,1
DA:25,2
LF:6
LH:4
BRF:0
BRH:0
end_of_record
TN:
SF:src\utils\constants.js
FNF:0
FNH:0
DA:1,4
DA:3,4
DA:5,4
LF:3
LH:3
BRF:0
BRH:0
end_of_record
TN:
SF:src\utils\useOnlineStatus.js
FN:3,(anonymous_0)
FN:7,(anonymous_1)
FN:8,(anonymous_2)
FN:11,(anonymous_3)
FNF:4
FNH:2
FNDA:13,(anonymous_0)
FNDA:7,(anonymous_1)
FNDA:0,(anonymous_2)
FNDA:0,(anonymous_3)
DA:3,3
DA:5,13
DA:7,13
DA:8,7
DA:9,0
DA:11,7
DA:12,0
DA:16,13
LF:8
LH:6
BRF:0
BRH:0
end_of_record
TN:
SF:src\utils\useRestaurantMenu.js
FN:4,(anonymous_0)
FN:8,(anonymous_1)
FN:12,(anonymous_2)
FNF:3
FNH:3
FNDA:9,(anonymous_0)
FNDA:4,(anonymous_1)
FNDA:4,(anonymous_2)
DA:4,1
DA:6,9
DA:8,9
DA:9,4
DA:12,9
DA:13,4
DA:14,4
DA:16,4
DA:18,9
LF:9
LH:9
BRF:0
BRH:0
end_of_record
